Registering adjunctions-4.3...
liiabiia\Documents\IndependentResearch\.cabal-sandbox\i386-windows-ghc-8.0.2\adjunctions-4.3-Hm74DRquqRS2KtOFWEXoIK
dbox-f0a8e053\build\Data\Functor\Rep.o )

src\Data\Functor\Rep.hs:111:1: warning: [-Winline-rule-shadowing]
    Rule "tabulate/index" may never fire
      because rule "Class op index" for `index' might fire first
    Probable fix: add phase [n] or [~n] to the competing rule
[ 2 of 11] Compiling Data.Functor.Contravariant.Rep ( src\Data\Functor\Contravariant\Rep.hs, dist\dist-sandbox-f0a8e053\build\Data\Functor\Contravariant\Rep.o )

src\Data\Functor\Contravariant\Rep.hs:55:1: warning: [-Winline-rule-shadowing]
    Rule "tabulate/index" may never fire
      because rule "Class op index" for `index' might fire first
    Probable fix: add phase [n] or [~n] to the competing rule
[ 3 of 11] Compiling Data.Functor.Contravariant.Adjunction ( src\Data\Functor\Contravariant\Adjunction.hs, dist\dist-sandbox-f0a8e053\build\Data\Functor\Contravariant\Adjunction.o )
[ 4 of 11] Compiling Data.Functor.Adjunction ( src\Data\Functor\Adjunction.hs, dist\dist-sandbox-f0a8e053\build\Data\Functor\Adjunction.o )
[ 5 of 11] Compiling Control.Monad.Trans.Conts ( src\Control\Monad\Trans\Conts.hs, dist\dist-sandbox-f0a8e053\build\Control\Monad\Trans\Conts.o )
[ 6 of 11] Compiling Control.Monad.Trans.Contravariant.Adjoint ( src\Control\Monad\Trans\Contravariant\Adjoint.hs, dist\dist-sandbox-f0a8e053\build\Control\Monad\Trans\Contravariant\Adjoint.o )
[ 7 of 11] Compiling Control.Monad.Trans.Adjoint ( src\Control\Monad\Trans\Adjoint.hs, dist\dist-sandbox-f0a8e053\build\Control\Monad\Trans\Adjoint.o )
[ 8 of 11] Compiling Control.Monad.Representable.State ( src\Control\Monad\Representable\State.hs, dist\dist-sandbox-f0a8e053\build\Control\Monad\Representable\State.o )
[ 9 of 11] Compiling Control.Monad.Representable.Reader ( src\Control\Monad\Representable\Reader.hs, dist\dist-sandbox-f0a8e053\build\Control\Monad\Representable\Reader.o )
[10 of 11] Compiling Control.Comonad.Trans.Adjoint ( src\Control\Comonad\Trans\Adjoint.hs, dist\dist-sandbox-f0a8e053\build\Control\Comonad\Trans\Adjoint.o )
[11 of 11] Compiling Control.Comonad.Representable.Store ( src\Control\Comonad\Representable\Store.hs, dist\dist-sandbox-f0a8e053\build\Control\Comonad\Representable\Store.o )
cabal: Leaving directory 'C:\Users\liiabiia\AppData\Local\Temp\cabal-tmp-11356\adjunctions-4.3'
