Registering vector-0.12.0.1...
liiabiia\Documents\IndependentResearch\.cabal-sandbox\i386-windows-ghc-8.0.2\vector-0.12.0.1-BtK5bVORdhu8bC6gqUfFYi
rnal.hs, dist\dist-sandbox-f0a8e053\build\Data\Vector\Storable\Internal.o )

Data\Vector\Storable\Internal.hs:17:1: warning: [-Wunused-imports]
    The import of `Foreign.ForeignPtr' is redundant
      except perhaps to import instances from `Foreign.ForeignPtr'
    To import instances alone, use: import Foreign.ForeignPtr()

Data\Vector\Storable\Internal.hs:18:1: warning: [-Wunused-imports]
    The import of `Foreign.Ptr' is redundant
      except perhaps to import instances from `Foreign.Ptr'
    To import instances alone, use: import Foreign.Ptr()
[ 2 of 21] Compiling Data.Vector.Internal.Check ( Data\Vector\Internal\Check.hs, dist\dist-sandbox-f0a8e053\build\Data\Vector\Internal\Check.o )
[ 3 of 21] Compiling Data.Vector.Generic.Mutable.Base ( Data\Vector\Generic\Mutable\Base.hs, dist\dist-sandbox-f0a8e053\build\Data\Vector\Generic\Mutable\Base.o )
[ 4 of 21] Compiling Data.Vector.Generic.Base ( Data\Vector\Generic\Base.hs, dist\dist-sandbox-f0a8e053\build\Data\Vector\Generic\Base.o )
[ 5 of 21] Compiling Data.Vector.Fusion.Util ( Data\Vector\Fusion\Util.hs, dist\dist-sandbox-f0a8e053\build\Data\Vector\Fusion\Util.o )
[ 6 of 21] Compiling Data.Vector.Fusion.Stream.Monadic ( Data\Vector\Fusion\Stream\Monadic.hs, dist\dist-sandbox-f0a8e053\build\Data\Vector\Fusion\Stream\Monadic.o )
[ 7 of 21] Compiling Data.Vector.Fusion.Bundle.Size ( Data\Vector\Fusion\Bundle\Size.hs, dist\dist-sandbox-f0a8e053\build\Data\Vector\Fusion\Bundle\Size.o )
[ 8 of 21] Compiling Data.Vector.Fusion.Bundle.Monadic ( Data\Vector\Fusion\Bundle\Monadic.hs, dist\dist-sandbox-f0a8e053\build\Data\Vector\Fusion\Bundle\Monadic.o )
[ 9 of 21] Compiling Data.Vector.Fusion.Bundle ( Data\Vector\Fusion\Bundle.hs, dist\dist-sandbox-f0a8e053\build\Data\Vector\Fusion\Bundle.o )
[10 of 21] Compiling Data.Vector.Generic.Mutable ( Data\Vector\Generic\Mutable.hs, dist\dist-sandbox-f0a8e053\build\Data\Vector\Generic\Mutable.o )
[11 of 21] Compiling Data.Vector.Mutable ( Data\Vector\Mutable.hs, dist\dist-sandbox-f0a8e053\build\Data\Vector\Mutable.o )
[12 of 21] Compiling Data.Vector.Primitive.Mutable ( Data\Vector\Primitive\Mutable.hs, dist\dist-sandbox-f0a8e053\build\Data\Vector\Primitive\Mutable.o )
[13 of 21] Compiling Data.Vector.Storable.Mutable ( Data\Vector\Storable\Mutable.hs, dist\dist-sandbox-f0a8e053\build\Data\Vector\Storable\Mutable.o )

Data\Vector\Storable\Mutable.hs:77:1: warning: [-Wunused-imports]
    The import of `Foreign.Ptr' is redundant
      except perhaps to import instances from `Foreign.Ptr'
    To import instances alone, use: import Foreign.Ptr()
[14 of 21] Compiling Data.Vector.Generic.New ( Data\Vector\Generic\New.hs, dist\dist-sandbox-f0a8e053\build\Data\Vector\Generic\New.o )
[15 of 21] Compiling Data.Vector.Generic ( Data\Vector\Generic.hs, dist\dist-sandbox-f0a8e053\build\Data\Vector\Generic.o )
[16 of 21] Compiling Data.Vector.Primitive ( Data\Vector\Primitive.hs, dist\dist-sandbox-f0a8e053\build\Data\Vector\Primitive.o )
[17 of 21] Compiling Data.Vector.Unboxed.Base ( Data\Vector\Unboxed\Base.hs, dist\dist-sandbox-f0a8e053\build\Data\Vector\Unboxed\Base.o )
[18 of 21] Compiling Data.Vector.Unboxed.Mutable ( Data\Vector\Unboxed\Mutable.hs, dist\dist-sandbox-f0a8e053\build\Data\Vector\Unboxed\Mutable.o )
[19 of 21] Compiling Data.Vector.Storable ( Data\Vector\Storable.hs, dist\dist-sandbox-f0a8e053\build\Data\Vector\Storable.o )
[20 of 21] Compiling Data.Vector.Unboxed ( Data\Vector\Unboxed.hs, dist\dist-sandbox-f0a8e053\build\Data\Vector\Unboxed.o )
[21 of 21] Compiling Data.Vector      ( Data\Vector.hs, dist\dist-sandbox-f0a8e053\build\Data\Vector.o )
cabal: Leaving directory 'C:\Users\liiabiia\AppData\Local\Temp\cabal-tmp-11356\vector-0.12.0.1'
